# JRE version: OpenJDK Runtime Environment Temurin-17.0.13+11 (17.0.13+11) (build 17.0.13+11)
# Java VM: OpenJDK 64-Bit Server VM Temurin-17.0.13+11 (17.0.13+11, mixed mode, tiered, compressed oops, compressed class ptrs, parallel gc, windows-amd64)
GC Precious Log:
 CPUs: 4 total, 4 available
 Memory: 3917M
 Large Page Support: Disabled
 NUMA Support: Disabled
 Compressed Oops: Enabled (32-bit)
 Alignments: Space 512K, Generation 512K, Heap 2M
 Heap Min Capacity: 100M
 Heap Initial Capacity: 100M
 Heap Max Capacity: 1G
 Pre-touch: Disabled
 Parallel Workers: 4
Heap:
 PSYoungGen      total 15872K, used 7498K [0x00000000eab00000, 0x00000000ec600000, 0x0000000100000000)
  eden space 9216K, 10% used [0x00000000eab00000,0x00000000eabfa998,0x00000000eb400000)
  from space 6656K, 97% used [0x00000000eb400000,0x00000000eba58000,0x00000000eba80000)
  to   space 9216K, 0% used [0x00000000ebd00000,0x00000000ebd00000,0x00000000ec600000)
 ParOldGen       total 91136K, used 79497K [0x00000000c0000000, 0x00000000c5900000, 0x00000000eab00000)
  object space 91136K, 87% used [0x00000000c0000000,0x00000000c4da25e0,0x00000000c5900000)
 Metaspace       used 60502K, committed 61760K, reserved 1114112K
  class space    used 6417K, committed 6976K, reserved 1048576K
GC Heap History (20 events):
Event: 52.519 GC heap before
{Heap before GC invocations=26 (full 2):
 PSYoungGen      total 23552K, used 23158K [0x00000000eab00000, 0x00000000ec500000, 0x0000000100000000)
  eden space 22016K, 100% used [0x00000000eab00000,0x00000000ec080000,0x00000000ec080000)
  from space 1536K, 74% used [0x00000000ec180000,0x00000000ec29d898,0x00000000ec300000)
  to   space 2048K, 0% used [0x00000000ec300000,0x00000000ec300000,0x00000000ec500000)
 ParOldGen       total 68608K, used 33860K [0x00000000c0000000, 0x00000000c4300000, 0x00000000eab00000)
  object space 68608K, 49% used [0x00000000c0000000,0x00000000c2111200,0x00000000c4300000)
 Metaspace       used 57290K, committed 58432K, reserved 1114112K
  class space    used 6093K, committed 6592K, reserved 1048576K
}
Event: 52.529 GC heap after
{Heap after GC invocations=26 (full 2):
 PSYoungGen      total 24064K, used 1773K [0x00000000eab00000, 0x00000000ec500000, 0x0000000100000000)
  eden space 22016K, 0% used [0x00000000eab00000,0x00000000eab00000,0x00000000ec080000)
  from space 2048K, 86% used [0x00000000ec300000,0x00000000ec4bb4e0,0x00000000ec500000)
  to   space 2048K, 0% used [0x00000000ec100000,0x00000000ec100000,0x00000000ec300000)
 ParOldGen       total 68608K, used 34777K [0x00000000c0000000, 0x00000000c4300000, 0x00000000eab00000)
  object space 68608K, 50% used [0x00000000c0000000,0x00000000c21f6470,0x00000000c4300000)
 Metaspace       used 57290K, committed 58432K, reserved 1114112K
  class space    used 6093K, committed 6592K, reserved 1048576K
}
Event: 54.473 GC heap before
{Heap before GC invocations=27 (full 2):
 PSYoungGen      total 24064K, used 23789K [0x00000000eab00000, 0x00000000ec500000, 0x0000000100000000)
  eden space 22016K, 100% used [0x00000000eab00000,0x00000000ec080000,0x00000000ec080000)
  from space 2048K, 86% used [0x00000000ec300000,0x00000000ec4bb4e0,0x00000000ec500000)
  to   space 2048K, 0% used [0x00000000ec100000,0x00000000ec100000,0x00000000ec300000)
 ParOldGen       total 68608K, used 34777K [0x00000000c0000000, 0x00000000c4300000, 0x00000000eab00000)
  object space 68608K, 50% used [0x00000000c0000000,0x00000000c21f6470,0x00000000c4300000)
 Metaspace       used 58292K, committed 59520K, reserved 1114112K
  class space    used 6192K, committed 6720K, reserved 1048576K
}
Event: 54.481 GC heap after
{Heap after GC invocations=27 (full 2):
 PSYoungGen      total 24064K, used 1943K [0x00000000eab00000, 0x00000000ec480000, 0x0000000100000000)
  eden space 22016K, 0% used [0x00000000eab00000,0x00000000eab00000,0x00000000ec080000)
  from space 2048K, 94% used [0x00000000ec100000,0x00000000ec2e5ec8,0x00000000ec300000)
  to   space 1536K, 0% used [0x00000000ec300000,0x00000000ec300000,0x00000000ec480000)
 ParOldGen       total 68608K, used 36184K [0x00000000c0000000, 0x00000000c4300000, 0x00000000eab00000)
  object space 68608K, 52% used [0x00000000c0000000,0x00000000c2356278,0x00000000c4300000)
 Metaspace       used 58292K, committed 59520K, reserved 1114112K
  class space    used 6192K, committed 6720K, reserved 1048576K
}
Event: 54.669 GC heap before
{Heap before GC invocations=28 (full 2):
 PSYoungGen      total 24064K, used 7267K [0x00000000eab00000, 0x00000000ec480000, 0x0000000100000000)
  eden space 22016K, 24% used [0x00000000eab00000,0x00000000eb033010,0x00000000ec080000)
  from space 2048K, 94% used [0x00000000ec100000,0x00000000ec2e5ec8,0x00000000ec300000)
  to   space 1536K, 0% used [0x00000000ec300000,0x00000000ec300000,0x00000000ec480000)
 ParOldGen       total 68608K, used 36184K [0x00000000c0000000, 0x00000000c4300000, 0x00000000eab00000)
  object space 68608K, 52% used [0x00000000c0000000,0x00000000c2356278,0x00000000c4300000)
 Metaspace       used 58558K, committed 59776K, reserved 1114112K
  class space    used 6220K, committed 6784K, reserved 1048576K
}
Event: 54.672 GC heap after
{Heap after GC invocations=28 (full 2):
 PSYoungGen      total 23040K, used 973K [0x00000000eab00000, 0x00000000ec400000, 0x0000000100000000)
  eden space 22016K, 0% used [0x00000000eab00000,0x00000000eab00000,0x00000000ec080000)
  from space 1024K, 95% used [0x00000000ec300000,0x00000000ec3f3510,0x00000000ec400000)
  to   space 1536K, 0% used [0x00000000ec100000,0x00000000ec100000,0x00000000ec280000)
 ParOldGen       total 68608K, used 38028K [0x00000000c0000000, 0x00000000c4300000, 0x00000000eab00000)
  object space 68608K, 55% used [0x00000000c0000000,0x00000000c25231f0,0x00000000c4300000)
 Metaspace       used 58558K, committed 59776K, reserved 1114112K
  class space    used 6220K, committed 6784K, reserved 1048576K
}
Event: 54.672 GC heap before
{Heap before GC invocations=29 (full 3):
 PSYoungGen      total 23040K, used 973K [0x00000000eab00000, 0x00000000ec400000, 0x0000000100000000)
  eden space 22016K, 0% used [0x00000000eab00000,0x00000000eab00000,0x00000000ec080000)
  from space 1024K, 95% used [0x00000000ec300000,0x00000000ec3f3510,0x00000000ec400000)
  to   space 1536K, 0% used [0x00000000ec100000,0x00000000ec100000,0x00000000ec280000)
 ParOldGen       total 68608K, used 38028K [0x00000000c0000000, 0x00000000c4300000, 0x00000000eab00000)
  object space 68608K, 55% used [0x00000000c0000000,0x00000000c25231f0,0x00000000c4300000)
 Metaspace       used 58558K, committed 59776K, reserved 1114112K
  class space    used 6220K, committed 6784K, reserved 1048576K
}
Event: 55.182 GC heap after
{Heap after GC invocations=29 (full 3):
 PSYoungGen      total 23040K, used 0K [0x00000000eab00000, 0x00000000ec400000, 0x0000000100000000)
  eden space 22016K, 0% used [0x00000000eab00000,0x00000000eab00000,0x00000000ec080000)
  from space 1024K, 0% used [0x00000000ec300000,0x00000000ec300000,0x00000000ec400000)
  to   space 1536K, 0% used [0x00000000ec100000,0x00000000ec100000,0x00000000ec280000)
 ParOldGen       total 68608K, used 34743K [0x00000000c0000000, 0x00000000c4300000, 0x00000000eab00000)
  object space 68608K, 50% used [0x00000000c0000000,0x00000000c21edfe0,0x00000000c4300000)
 Metaspace       used 58558K, committed 59776K, reserved 1114112K
  class space    used 6220K, committed 6784K, reserved 1048576K
}
Event: 57.669 GC heap before
{Heap before GC invocations=30 (full 3):
 PSYoungGen      total 23040K, used 21966K [0x00000000eab00000, 0x00000000ec400000, 0x0000000100000000)
  eden space 22016K, 99% used [0x00000000eab00000,0x00000000ec073848,0x00000000ec080000)
  from space 1024K, 0% used [0x00000000ec300000,0x00000000ec300000,0x00000000ec400000)
  to   space 1536K, 0% used [0x00000000ec100000,0x00000000ec100000,0x00000000ec280000)
 ParOldGen       total 68608K, used 34743K [0x00000000c0000000, 0x00000000c4300000, 0x00000000eab00000)
  object space 68608K, 50% used [0x00000000c0000000,0x00000000c21edfe0,0x00000000c4300000)
 Metaspace       used 59966K, committed 61248K, reserved 1114112K
  class space    used 6368K, committed 6976K, reserved 1048576K
}
Event: 57.673 GC heap after
{Heap after GC invocations=30 (full 3):
 PSYoungGen      total 23552K, used 1519K [0x00000000eab00000, 0x00000000ec680000, 0x0000000100000000)
  eden space 22016K, 0% used [0x00000000eab00000,0x00000000eab00000,0x00000000ec080000)
  from space 1536K, 98% used [0x00000000ec100000,0x00000000ec27bd98,0x00000000ec280000)
  to   space 3072K, 0% used [0x00000000ec380000,0x00000000ec380000,0x00000000ec680000)
 ParOldGen       total 68608K, used 35963K [0x00000000c0000000, 0x00000000c4300000, 0x00000000eab00000)
  object space 68608K, 52% used [0x00000000c0000000,0x00000000c231eff0,0x00000000c4300000)
 Metaspace       used 59966K, committed 61248K, reserved 1114112K
  class space    used 6368K, committed 6976K, reserved 1048576K
}
Event: 58.474 GC heap before
{Heap before GC invocations=31 (full 3):
 PSYoungGen      total 23552K, used 22641K [0x00000000eab00000, 0x00000000ec680000, 0x0000000100000000)
  eden space 22016K, 95% used [0x00000000eab00000,0x00000000ebfa0688,0x00000000ec080000)
  from space 1536K, 98% used [0x00000000ec100000,0x00000000ec27bd98,0x00000000ec280000)
  to   space 3072K, 0% used [0x00000000ec380000,0x00000000ec380000,0x00000000ec680000)
 ParOldGen       total 68608K, used 35963K [0x00000000c0000000, 0x00000000c4300000, 0x00000000eab00000)
  object space 68608K, 52% used [0x00000000c0000000,0x00000000c231eff0,0x00000000c4300000)
 Metaspace       used 60351K, committed 61568K, reserved 1114112K
  class space    used 6411K, committed 6976K, reserved 1048576K
}
Event: 58.483 GC heap after
{Heap after GC invocations=31 (full 3):
 PSYoungGen      total 20480K, used 3067K [0x00000000eab00000, 0x00000000ecf80000, 0x0000000100000000)
  eden space 17408K, 0% used [0x00000000eab00000,0x00000000eab00000,0x00000000ebc00000)
  from space 3072K, 99% used [0x00000000ec380000,0x00000000ec67ede0,0x00000000ec680000)
  to   space 7680K, 0% used [0x00000000ebc00000,0x00000000ebc00000,0x00000000ec380000)
 ParOldGen       total 68608K, used 39758K [0x00000000c0000000, 0x00000000c4300000, 0x00000000eab00000)
  object space 68608K, 57% used [0x00000000c0000000,0x00000000c26d3be0,0x00000000c4300000)
 Metaspace       used 60351K, committed 61568K, reserved 1114112K
  class space    used 6411K, committed 6976K, reserved 1048576K
}
Event: 58.842 GC heap before
{Heap before GC invocations=32 (full 3):
 PSYoungGen      total 20480K, used 16484K [0x00000000eab00000, 0x00000000ecf80000, 0x0000000100000000)
  eden space 17408K, 77% used [0x00000000eab00000,0x00000000eb81a370,0x00000000ebc00000)
  from space 3072K, 99% used [0x00000000ec380000,0x00000000ec67ede0,0x00000000ec680000)
  to   space 7680K, 0% used [0x00000000ebc00000,0x00000000ebc00000,0x00000000ec380000)
 ParOldGen       total 68608K, used 39758K [0x00000000c0000000, 0x00000000c4300000, 0x00000000eab00000)
  object space 68608K, 57% used [0x00000000c0000000,0x00000000c26d3be0,0x00000000c4300000)
 Metaspace       used 60400K, committed 61632K, reserved 1114112K
  class space    used 6413K, committed 6976K, reserved 1048576K
}
Event: 58.856 GC heap after
{Heap after GC invocations=32 (full 3):
 PSYoungGen      total 23552K, used 5951K [0x00000000eab00000, 0x00000000ec900000, 0x0000000100000000)
  eden space 17408K, 0% used [0x00000000eab00000,0x00000000eab00000,0x00000000ebc00000)
  from space 6144K, 96% used [0x00000000ebc00000,0x00000000ec1cff90,0x00000000ec200000)
  to   space 6656K, 0% used [0x00000000ec280000,0x00000000ec280000,0x00000000ec900000)
 ParOldGen       total 68608K, used 42833K [0x00000000c0000000, 0x00000000c4300000, 0x00000000eab00000)
  object space 68608K, 62% used [0x00000000c0000000,0x00000000c29d4458,0x00000000c4300000)
 Metaspace       used 60400K, committed 61632K, reserved 1114112K
  class space    used 6413K, committed 6976K, reserved 1048576K
}
Event: 60.130 GC heap before
{Heap before GC invocations=33 (full 3):
 PSYoungGen      total 23552K, used 23353K [0x00000000eab00000, 0x00000000ec900000, 0x0000000100000000)
  eden space 17408K, 99% used [0x00000000eab00000,0x00000000ebbfe5f8,0x00000000ebc00000)
  from space 6144K, 96% used [0x00000000ebc00000,0x00000000ec1cff90,0x00000000ec200000)
  to   space 6656K, 0% used [0x00000000ec280000,0x00000000ec280000,0x00000000ec900000)
 ParOldGen       total 91136K, used 80171K [0x00000000c0000000, 0x00000000c5900000, 0x00000000eab00000)
  object space 91136K, 87% used [0x00000000c0000000,0x00000000c4e4afa8,0x00000000c5900000)
 Metaspace       used 60477K, committed 61696K, reserved 1114112K
  class space    used 6417K, committed 6976K, reserved 1048576K
}
Event: 60.137 GC heap after
{Heap after GC invocations=33 (full 3):
 PSYoungGen      total 21504K, used 4096K [0x00000000eab00000, 0x00000000ec680000, 0x0000000100000000)
  eden space 17408K, 0% used [0x00000000eab00000,0x00000000eab00000,0x00000000ebc00000)
  from space 4096K, 100% used [0x00000000ec280000,0x00000000ec680000,0x00000000ec680000)
  to   space 5120K, 0% used [0x00000000ebc80000,0x00000000ebc80000,0x00000000ec180000)
 ParOldGen       total 91136K, used 80692K [0x00000000c0000000, 0x00000000c5900000, 0x00000000eab00000)
  object space 91136K, 88% used [0x00000000c0000000,0x00000000c4ecd178,0x00000000c5900000)
 Metaspace       used 60477K, committed 61696K, reserved 1114112K
  class space    used 6417K, committed 6976K, reserved 1048576K
}
Event: 61.235 GC heap before
{Heap before GC invocations=34 (full 3):
 PSYoungGen      total 21504K, used 21504K [0x00000000eab00000, 0x00000000ec680000, 0x0000000100000000)
  eden space 17408K, 100% used [0x00000000eab00000,0x00000000ebc00000,0x00000000ebc00000)
  from space 4096K, 100% used [0x00000000ec280000,0x00000000ec680000,0x00000000ec680000)
  to   space 5120K, 0% used [0x00000000ebc80000,0x00000000ebc80000,0x00000000ec180000)
 ParOldGen       total 91136K, used 80692K [0x00000000c0000000, 0x00000000c5900000, 0x00000000eab00000)
  object space 91136K, 88% used [0x00000000c0000000,0x00000000c4ecd178,0x00000000c5900000)
 Metaspace       used 60496K, committed 61760K, reserved 1114112K
  class space    used 6417K, committed 6976K, reserved 1048576K
}
Event: 61.263 GC heap after
{Heap after GC invocations=34 (full 3):
 PSYoungGen      total 22528K, used 5098K [0x00000000eab00000, 0x00000000ec680000, 0x0000000100000000)
  eden space 17408K, 0% used [0x00000000eab00000,0x00000000eab00000,0x00000000ebc00000)
  from space 5120K, 99% used [0x00000000ebc80000,0x00000000ec17ab38,0x00000000ec180000)
  to   space 4096K, 0% used [0x00000000ec280000,0x00000000ec280000,0x00000000ec680000)
 ParOldGen       total 91136K, used 88809K [0x00000000c0000000, 0x00000000c5900000, 0x00000000eab00000)
  object space 91136K, 97% used [0x00000000c0000000,0x00000000c56ba528,0x00000000c5900000)
 Metaspace       used 60496K, committed 61760K, reserved 1114112K
  class space    used 6417K, committed 6976K, reserved 1048576K
}
Event: 61.838 GC heap before
{Heap before GC invocations=35 (full 4):
 PSYoungGen      total 22528K, used 22506K [0x00000000eab00000, 0x00000000ec680000, 0x0000000100000000)
  eden space 17408K, 100% used [0x00000000eab00000,0x00000000ebc00000,0x00000000ebc00000)
  from space 5120K, 99% used [0x00000000ebc80000,0x00000000ec17ab38,0x00000000ec180000)
  to   space 4096K, 0% used [0x00000000ec280000,0x00000000ec280000,0x00000000ec680000)
 ParOldGen       total 91136K, used 88809K [0x00000000c0000000, 0x00000000c5900000, 0x00000000eab00000)
  object space 91136K, 97% used [0x00000000c0000000,0x00000000c56ba528,0x00000000c5900000)
 Metaspace       used 60502K, committed 61760K, reserved 1114112K
  class space    used 6417K, committed 6976K, reserved 1048576K
}
Event: 62.006 GC heap after
{Heap after GC invocations=35 (full 4):
 PSYoungGen      total 13312K, used 0K [0x00000000eab00000, 0x00000000ed900000, 0x0000000100000000)
  eden space 9216K, 0% used [0x00000000eab00000,0x00000000eab00000,0x00000000eb400000)
  from space 4096K, 0% used [0x00000000ec280000,0x00000000ec280000,0x00000000ec680000)
  to   space 14848K, 0% used [0x00000000eb400000,0x00000000eb400000,0x00000000ec280000)
 ParOldGen       total 91136K, used 79497K [0x00000000c0000000, 0x00000000c5900000, 0x00000000eab00000)
  object space 91136K, 87% used [0x00000000c0000000,0x00000000c4da25e0,0x00000000c5900000)
 Metaspace       used 60502K, committed 61760K, reserved 1114112K
  class space    used 6417K, committed 6976K, reserved 1048576K
}

